{"D:\\New folder\\DOWNLOADS\\sandbox\\knexfile.ts": {"path":"D:\\New folder\\DOWNLOADS\\sandbox\\knexfile.ts","statementMap":{"0":{"start":{"line":1,"column":0},"end":{"line":1,"column":24}},"1":{"start":{"line":3,"column":0},"end":{"line":12,"column":2}}},"fnMap":{},"branchMap":{},"s":{"0":1,"1":1},"f":{},"b":{}}
,"D:\\New folder\\DOWNLOADS\\sandbox\\src\\db.ts": {"path":"D:\\New folder\\DOWNLOADS\\sandbox\\src\\db.ts","statementMap":{"0":{"start":{"line":2,"column":0},"end":{"line":2,"column":24}},"1":{"start":{"line":5,"column":0},"end":{"line":5,"column":37}},"2":{"start":{"line":8,"column":11},"end":{"line":8,"column":27}},"3":{"start":{"line":10,"column":0},"end":{"line":10,"column":18}}},"fnMap":{},"branchMap":{},"s":{"0":1,"1":1,"2":1,"3":1},"f":{},"b":{}}
,"D:\\New folder\\DOWNLOADS\\sandbox\\src\\index.ts": {"path":"D:\\New folder\\DOWNLOADS\\sandbox\\src\\index.ts","statementMap":{"0":{"start":{"line":1,"column":0},"end":{"line":1,"column":67}},"1":{"start":{"line":3,"column":0},"end":{"line":3,"column":26}},"2":{"start":{"line":4,"column":0},"end":{"line":4,"column":67}},"3":{"start":{"line":5,"column":33},"end":{"line":5,"column":42}},"4":{"start":{"line":7,"column":0},"end":{"line":7,"column":24}},"5":{"start":{"line":8,"column":0},"end":{"line":8,"column":49}},"6":{"start":{"line":12,"column":0},"end":{"line":14,"column":3}},"7":{"start":{"line":13,"column":2},"end":{"line":13,"column":44}},"8":{"start":{"line":16,"column":0},"end":{"line":16,"column":27}},"9":{"start":{"line":19,"column":22},"end":{"line":26,"column":1}},"10":{"start":{"line":20,"column":16},"end":{"line":20,"column":36}},"11":{"start":{"line":21,"column":2},"end":{"line":24,"column":5}},"12":{"start":{"line":22,"column":21},"end":{"line":22,"column":49}},"13":{"start":{"line":23,"column":4},"end":{"line":23,"column":95}},"14":{"start":{"line":25,"column":2},"end":{"line":25,"column":9}},"15":{"start":{"line":28,"column":0},"end":{"line":28,"column":23}},"16":{"start":{"line":29,"column":0},"end":{"line":29,"column":23}},"17":{"start":{"line":32,"column":0},"end":{"line":38,"column":3}},"18":{"start":{"line":33,"column":2},"end":{"line":33,"column":27}},"19":{"start":{"line":34,"column":17},"end":{"line":34,"column":62}},"20":{"start":{"line":35,"column":18},"end":{"line":35,"column":56}},"21":{"start":{"line":36,"column":2},"end":{"line":36,"column":119}},"22":{"start":{"line":37,"column":2},"end":{"line":37,"column":35}},"23":{"start":{"line":40,"column":25},"end":{"line":45,"column":1}},"24":{"start":{"line":41,"column":2},"end":{"line":43,"column":5}},"25":{"start":{"line":42,"column":4},"end":{"line":42,"column":59}},"26":{"start":{"line":44,"column":2},"end":{"line":44,"column":13}},"27":{"start":{"line":40,"column":13},"end":{"line":40,"column":25}}},"fnMap":{"0":{"name":"(anonymous_1)","decl":{"start":{"line":12,"column":13},"end":{"line":12,"column":23}},"loc":{"start":{"line":12,"column":32},"end":{"line":14,"column":1}}},"1":{"name":"(anonymous_2)","decl":{"start":{"line":19,"column":22},"end":{"line":19,"column":23}},"loc":{"start":{"line":19,"column":80},"end":{"line":26,"column":1}}},"2":{"name":"(anonymous_3)","decl":{"start":{"line":21,"column":19},"end":{"line":21,"column":22}},"loc":{"start":{"line":21,"column":24},"end":{"line":24,"column":3}}},"3":{"name":"(anonymous_4)","decl":{"start":{"line":32,"column":8},"end":{"line":32,"column":9}},"loc":{"start":{"line":32,"column":52},"end":{"line":38,"column":1}}},"4":{"name":"(anonymous_5)","decl":{"start":{"line":40,"column":25},"end":{"line":40,"column":26}},"loc":{"start":{"line":40,"column":41},"end":{"line":45,"column":1}}},"5":{"name":"(anonymous_6)","decl":{"start":{"line":41,"column":19},"end":{"line":41,"column":null}},"loc":{"start":{"line":41,"column":19},"end":{"line":43,"column":3}}}},"branchMap":{"0":{"loc":{"start":{"line":34,"column":17},"end":{"line":34,"column":62}},"type":"cond-expr","locations":[{"start":{"line":34,"column":42},"end":{"line":34,"column":56}},{"start":{"line":34,"column":59},"end":{"line":34,"column":62}}]},"1":{"loc":{"start":{"line":35,"column":18},"end":{"line":35,"column":56}},"type":"binary-expr","locations":[{"start":{"line":35,"column":18},"end":{"line":35,"column":29}},{"start":{"line":35,"column":33},"end":{"line":35,"column":56}}]},"2":{"loc":{"start":{"line":40,"column":26},"end":{"line":40,"column":37}},"type":"default-arg","locations":[{"start":{"line":40,"column":33},"end":{"line":40,"column":37}}]}},"s":{"0":1,"1":1,"2":1,"3":1,"4":1,"5":1,"6":1,"7":0,"8":1,"9":1,"10":1,"11":1,"12":1,"13":1,"14":1,"15":1,"16":1,"17":1,"18":0,"19":0,"20":0,"21":0,"22":0,"23":1,"24":1,"25":1,"26":1,"27":1},"f":{"0":0,"1":1,"2":1,"3":0,"4":1,"5":1},"b":{"0":[0,0],"1":[0,0],"2":[0]}}
,"D:\\New folder\\DOWNLOADS\\sandbox\\src\\controllers\\book.ts": {"path":"D:\\New folder\\DOWNLOADS\\sandbox\\src\\controllers\\book.ts","statementMap":{"0":{"start":{"line":1,"column":0},"end":{"line":1,"column":25}},"1":{"start":{"line":3,"column":12},"end":{"line":3,"column":26}},"2":{"start":{"line":4,"column":18},"end":{"line":4,"column":25}},"3":{"start":{"line":6,"column":15},"end":{"line":9,"column":2}},"4":{"start":{"line":11,"column":24},"end":{"line":14,"column":2}},"5":{"start":{"line":11,"column":84},"end":{"line":14,"column":2}},"6":{"start":{"line":12,"column":15},"end":{"line":12,"column":55}},"7":{"start":{"line":13,"column":2},"end":{"line":13,"column":40}},"8":{"start":{"line":11,"column":13},"end":{"line":11,"column":24}},"9":{"start":{"line":16,"column":27},"end":{"line":25,"column":2}},"10":{"start":{"line":16,"column":86},"end":{"line":25,"column":2}},"11":{"start":{"line":17,"column":17},"end":{"line":17,"column":27}},"12":{"start":{"line":19,"column":2},"end":{"line":24,"column":3}},"13":{"start":{"line":20,"column":17},"end":{"line":20,"column":61}},"14":{"start":{"line":21,"column":4},"end":{"line":21,"column":42}},"15":{"start":{"line":23,"column":4},"end":{"line":23,"column":56}},"16":{"start":{"line":16,"column":13},"end":{"line":16,"column":27}},"17":{"start":{"line":27,"column":24},"end":{"line":49,"column":2}},"18":{"start":{"line":27,"column":83},"end":{"line":49,"column":2}},"19":{"start":{"line":28,"column":20},"end":{"line":28,"column":45}},"20":{"start":{"line":30,"column":2},"end":{"line":32,"column":3}},"21":{"start":{"line":31,"column":4},"end":{"line":31,"column":69}},"22":{"start":{"line":34,"column":16},"end":{"line":34,"column":30}},"23":{"start":{"line":35,"column":18},"end":{"line":35,"column":34}},"24":{"start":{"line":37,"column":2},"end":{"line":48,"column":3}},"25":{"start":{"line":38,"column":23},"end":{"line":41,"column":6}},"26":{"start":{"line":43,"column":4},"end":{"line":43,"column":48}},"27":{"start":{"line":45,"column":4},"end":{"line":47,"column":69}},"28":{"start":{"line":27,"column":13},"end":{"line":27,"column":24}},"29":{"start":{"line":51,"column":27},"end":{"line":75,"column":2}},"30":{"start":{"line":51,"column":86},"end":{"line":75,"column":2}},"31":{"start":{"line":52,"column":20},"end":{"line":52,"column":45}},"32":{"start":{"line":54,"column":2},"end":{"line":56,"column":3}},"33":{"start":{"line":55,"column":4},"end":{"line":55,"column":69}},"34":{"start":{"line":58,"column":17},"end":{"line":58,"column":27}},"35":{"start":{"line":59,"column":16},"end":{"line":59,"column":30}},"36":{"start":{"line":60,"column":18},"end":{"line":60,"column":34}},"37":{"start":{"line":62,"column":2},"end":{"line":74,"column":3}},"38":{"start":{"line":63,"column":17},"end":{"line":68,"column":null}},"39":{"start":{"line":70,"column":4},"end":{"line":70,"column":22}},"40":{"start":{"line":71,"column":4},"end":{"line":71,"column":42}},"41":{"start":{"line":73,"column":4},"end":{"line":73,"column":56}},"42":{"start":{"line":51,"column":13},"end":{"line":51,"column":27}},"43":{"start":{"line":79,"column":30},"end":{"line":89,"column":2}},"44":{"start":{"line":79,"column":89},"end":{"line":89,"column":2}},"45":{"start":{"line":80,"column":17},"end":{"line":80,"column":27}},"46":{"start":{"line":82,"column":2},"end":{"line":88,"column":3}},"47":{"start":{"line":83,"column":17},"end":{"line":83,"column":67}},"48":{"start":{"line":84,"column":4},"end":{"line":84,"column":22}},"49":{"start":{"line":85,"column":4},"end":{"line":85,"column":42}},"50":{"start":{"line":87,"column":4},"end":{"line":87,"column":56}},"51":{"start":{"line":79,"column":13},"end":{"line":79,"column":30}}},"fnMap":{"0":{"name":"(anonymous_8)","decl":{"start":{"line":11,"column":24},"end":{"line":11,"column":31}},"loc":{"start":{"line":11,"column":84},"end":{"line":14,"column":2}}},"1":{"name":"(anonymous_9)","decl":{"start":{"line":11,"column":84},"end":{"line":11,"column":null}},"loc":{"start":{"line":11,"column":84},"end":{"line":14,"column":1}}},"2":{"name":"(anonymous_10)","decl":{"start":{"line":16,"column":27},"end":{"line":16,"column":34}},"loc":{"start":{"line":16,"column":86},"end":{"line":25,"column":2}}},"3":{"name":"(anonymous_11)","decl":{"start":{"line":16,"column":86},"end":{"line":16,"column":null}},"loc":{"start":{"line":16,"column":86},"end":{"line":25,"column":1}}},"4":{"name":"(anonymous_12)","decl":{"start":{"line":27,"column":24},"end":{"line":27,"column":31}},"loc":{"start":{"line":27,"column":83},"end":{"line":49,"column":2}}},"5":{"name":"(anonymous_13)","decl":{"start":{"line":27,"column":83},"end":{"line":27,"column":null}},"loc":{"start":{"line":27,"column":83},"end":{"line":49,"column":1}}},"6":{"name":"(anonymous_14)","decl":{"start":{"line":51,"column":27},"end":{"line":51,"column":34}},"loc":{"start":{"line":51,"column":86},"end":{"line":75,"column":2}}},"7":{"name":"(anonymous_15)","decl":{"start":{"line":51,"column":86},"end":{"line":51,"column":null}},"loc":{"start":{"line":51,"column":86},"end":{"line":75,"column":1}}},"8":{"name":"(anonymous_16)","decl":{"start":{"line":79,"column":30},"end":{"line":79,"column":37}},"loc":{"start":{"line":79,"column":89},"end":{"line":89,"column":2}}},"9":{"name":"(anonymous_17)","decl":{"start":{"line":79,"column":89},"end":{"line":79,"column":null}},"loc":{"start":{"line":79,"column":89},"end":{"line":89,"column":1}}}},"branchMap":{"0":{"loc":{"start":{"line":30,"column":2},"end":{"line":32,"column":3}},"type":"if","locations":[{"start":{"line":30,"column":2},"end":{"line":32,"column":3}}]},"1":{"loc":{"start":{"line":54,"column":2},"end":{"line":56,"column":3}},"type":"if","locations":[{"start":{"line":54,"column":2},"end":{"line":56,"column":3}}]}},"s":{"0":1,"1":1,"2":1,"3":1,"4":1,"5":0,"6":0,"7":0,"8":1,"9":1,"10":0,"11":0,"12":0,"13":0,"14":0,"15":0,"16":1,"17":1,"18":0,"19":0,"20":0,"21":0,"22":0,"23":0,"24":0,"25":0,"26":0,"27":0,"28":1,"29":1,"30":0,"31":0,"32":0,"33":0,"34":0,"35":0,"36":0,"37":0,"38":0,"39":0,"40":0,"41":0,"42":1,"43":1,"44":0,"45":0,"46":0,"47":0,"48":0,"49":0,"50":0,"51":1},"f":{"0":0,"1":0,"2":0,"3":0,"4":0,"5":0,"6":0,"7":0,"8":0,"9":0},"b":{"0":[0],"1":[0]}}
,"D:\\New folder\\DOWNLOADS\\sandbox\\src\\controllers\\user.ts": {"path":"D:\\New folder\\DOWNLOADS\\sandbox\\src\\controllers\\user.ts","statementMap":{"0":{"start":{"line":1,"column":0},"end":{"line":1,"column":25}},"1":{"start":{"line":4,"column":12},"end":{"line":4,"column":26}},"2":{"start":{"line":5,"column":18},"end":{"line":5,"column":25}},"3":{"start":{"line":7,"column":15},"end":{"line":11,"column":2}},"4":{"start":{"line":13,"column":24},"end":{"line":16,"column":2}},"5":{"start":{"line":13,"column":84},"end":{"line":16,"column":2}},"6":{"start":{"line":14,"column":15},"end":{"line":14,"column":55}},"7":{"start":{"line":15,"column":2},"end":{"line":15,"column":40}},"8":{"start":{"line":13,"column":13},"end":{"line":13,"column":24}},"9":{"start":{"line":18,"column":27},"end":{"line":26,"column":2}},"10":{"start":{"line":18,"column":86},"end":{"line":26,"column":2}},"11":{"start":{"line":19,"column":17},"end":{"line":19,"column":27}},"12":{"start":{"line":20,"column":2},"end":{"line":25,"column":3}},"13":{"start":{"line":21,"column":17},"end":{"line":21,"column":61}},"14":{"start":{"line":22,"column":4},"end":{"line":22,"column":42}},"15":{"start":{"line":24,"column":4},"end":{"line":24,"column":56}},"16":{"start":{"line":18,"column":13},"end":{"line":18,"column":27}},"17":{"start":{"line":28,"column":24},"end":{"line":57,"column":2}},"18":{"start":{"line":28,"column":83},"end":{"line":57,"column":2}},"19":{"start":{"line":29,"column":20},"end":{"line":29,"column":45}},"20":{"start":{"line":31,"column":2},"end":{"line":33,"column":3}},"21":{"start":{"line":32,"column":4},"end":{"line":32,"column":69}},"22":{"start":{"line":36,"column":20},"end":{"line":36,"column":60}},"23":{"start":{"line":37,"column":21},"end":{"line":37,"column":61}},"24":{"start":{"line":38,"column":17},"end":{"line":38,"column":32}},"25":{"start":{"line":40,"column":2},"end":{"line":42,"column":3}},"26":{"start":{"line":41,"column":4},"end":{"line":41,"column":60}},"27":{"start":{"line":44,"column":2},"end":{"line":56,"column":3}},"28":{"start":{"line":45,"column":23},"end":{"line":49,"column":6}},"29":{"start":{"line":51,"column":4},"end":{"line":51,"column":48}},"30":{"start":{"line":53,"column":4},"end":{"line":55,"column":69}},"31":{"start":{"line":28,"column":13},"end":{"line":28,"column":24}},"32":{"start":{"line":59,"column":27},"end":{"line":90,"column":2}},"33":{"start":{"line":59,"column":86},"end":{"line":90,"column":2}},"34":{"start":{"line":60,"column":20},"end":{"line":60,"column":45}},"35":{"start":{"line":62,"column":2},"end":{"line":64,"column":3}},"36":{"start":{"line":63,"column":4},"end":{"line":63,"column":69}},"37":{"start":{"line":66,"column":17},"end":{"line":66,"column":27}},"38":{"start":{"line":67,"column":20},"end":{"line":67,"column":60}},"39":{"start":{"line":68,"column":21},"end":{"line":68,"column":61}},"40":{"start":{"line":69,"column":17},"end":{"line":69,"column":32}},"41":{"start":{"line":71,"column":2},"end":{"line":73,"column":3}},"42":{"start":{"line":72,"column":4},"end":{"line":72,"column":60}},"43":{"start":{"line":76,"column":2},"end":{"line":89,"column":3}},"44":{"start":{"line":77,"column":17},"end":{"line":83,"column":null}},"45":{"start":{"line":85,"column":4},"end":{"line":85,"column":22}},"46":{"start":{"line":86,"column":4},"end":{"line":86,"column":42}},"47":{"start":{"line":88,"column":4},"end":{"line":88,"column":56}},"48":{"start":{"line":59,"column":13},"end":{"line":59,"column":27}},"49":{"start":{"line":94,"column":30},"end":{"line":104,"column":2}},"50":{"start":{"line":94,"column":89},"end":{"line":104,"column":2}},"51":{"start":{"line":95,"column":17},"end":{"line":95,"column":27}},"52":{"start":{"line":97,"column":2},"end":{"line":103,"column":3}},"53":{"start":{"line":98,"column":17},"end":{"line":98,"column":67}},"54":{"start":{"line":99,"column":4},"end":{"line":99,"column":22}},"55":{"start":{"line":100,"column":4},"end":{"line":100,"column":42}},"56":{"start":{"line":102,"column":4},"end":{"line":102,"column":56}},"57":{"start":{"line":94,"column":13},"end":{"line":94,"column":30}}},"fnMap":{"0":{"name":"(anonymous_8)","decl":{"start":{"line":13,"column":24},"end":{"line":13,"column":31}},"loc":{"start":{"line":13,"column":84},"end":{"line":16,"column":2}}},"1":{"name":"(anonymous_9)","decl":{"start":{"line":13,"column":84},"end":{"line":13,"column":null}},"loc":{"start":{"line":13,"column":84},"end":{"line":16,"column":1}}},"2":{"name":"(anonymous_10)","decl":{"start":{"line":18,"column":27},"end":{"line":18,"column":34}},"loc":{"start":{"line":18,"column":86},"end":{"line":26,"column":2}}},"3":{"name":"(anonymous_11)","decl":{"start":{"line":18,"column":86},"end":{"line":18,"column":null}},"loc":{"start":{"line":18,"column":86},"end":{"line":26,"column":1}}},"4":{"name":"(anonymous_12)","decl":{"start":{"line":28,"column":24},"end":{"line":28,"column":31}},"loc":{"start":{"line":28,"column":83},"end":{"line":57,"column":2}}},"5":{"name":"(anonymous_13)","decl":{"start":{"line":28,"column":83},"end":{"line":28,"column":null}},"loc":{"start":{"line":28,"column":83},"end":{"line":57,"column":1}}},"6":{"name":"(anonymous_14)","decl":{"start":{"line":59,"column":27},"end":{"line":59,"column":34}},"loc":{"start":{"line":59,"column":86},"end":{"line":90,"column":2}}},"7":{"name":"(anonymous_15)","decl":{"start":{"line":59,"column":86},"end":{"line":59,"column":null}},"loc":{"start":{"line":59,"column":86},"end":{"line":90,"column":1}}},"8":{"name":"(anonymous_16)","decl":{"start":{"line":94,"column":30},"end":{"line":94,"column":37}},"loc":{"start":{"line":94,"column":89},"end":{"line":104,"column":2}}},"9":{"name":"(anonymous_17)","decl":{"start":{"line":94,"column":89},"end":{"line":94,"column":null}},"loc":{"start":{"line":94,"column":89},"end":{"line":104,"column":1}}}},"branchMap":{"0":{"loc":{"start":{"line":31,"column":2},"end":{"line":33,"column":3}},"type":"if","locations":[{"start":{"line":31,"column":2},"end":{"line":33,"column":3}}]},"1":{"loc":{"start":{"line":36,"column":20},"end":{"line":36,"column":60}},"type":"binary-expr","locations":[{"start":{"line":36,"column":20},"end":{"line":36,"column":38}},{"start":{"line":36,"column":42},"end":{"line":36,"column":60}}]},"2":{"loc":{"start":{"line":37,"column":21},"end":{"line":37,"column":61}},"type":"binary-expr","locations":[{"start":{"line":37,"column":21},"end":{"line":37,"column":40}},{"start":{"line":37,"column":44},"end":{"line":37,"column":61}}]},"3":{"loc":{"start":{"line":40,"column":2},"end":{"line":42,"column":3}},"type":"if","locations":[{"start":{"line":40,"column":2},"end":{"line":42,"column":3}}]},"4":{"loc":{"start":{"line":40,"column":6},"end":{"line":40,"column":31}},"type":"binary-expr","locations":[{"start":{"line":40,"column":6},"end":{"line":40,"column":16}},{"start":{"line":40,"column":20},"end":{"line":40,"column":31}}]},"5":{"loc":{"start":{"line":62,"column":2},"end":{"line":64,"column":3}},"type":"if","locations":[{"start":{"line":62,"column":2},"end":{"line":64,"column":3}}]},"6":{"loc":{"start":{"line":67,"column":20},"end":{"line":67,"column":60}},"type":"binary-expr","locations":[{"start":{"line":67,"column":20},"end":{"line":67,"column":38}},{"start":{"line":67,"column":42},"end":{"line":67,"column":60}}]},"7":{"loc":{"start":{"line":68,"column":21},"end":{"line":68,"column":61}},"type":"binary-expr","locations":[{"start":{"line":68,"column":21},"end":{"line":68,"column":40}},{"start":{"line":68,"column":44},"end":{"line":68,"column":61}}]},"8":{"loc":{"start":{"line":71,"column":2},"end":{"line":73,"column":3}},"type":"if","locations":[{"start":{"line":71,"column":2},"end":{"line":73,"column":3}}]},"9":{"loc":{"start":{"line":71,"column":6},"end":{"line":71,"column":31}},"type":"binary-expr","locations":[{"start":{"line":71,"column":6},"end":{"line":71,"column":16}},{"start":{"line":71,"column":20},"end":{"line":71,"column":31}}]}},"s":{"0":1,"1":1,"2":1,"3":1,"4":1,"5":0,"6":0,"7":0,"8":1,"9":1,"10":1,"11":1,"12":1,"13":1,"14":1,"15":0,"16":1,"17":1,"18":0,"19":0,"20":0,"21":0,"22":0,"23":0,"24":0,"25":0,"26":0,"27":0,"28":0,"29":0,"30":0,"31":1,"32":1,"33":0,"34":0,"35":0,"36":0,"37":0,"38":0,"39":0,"40":0,"41":0,"42":0,"43":0,"44":0,"45":0,"46":0,"47":0,"48":1,"49":1,"50":0,"51":0,"52":0,"53":0,"54":0,"55":0,"56":0,"57":1},"f":{"0":0,"1":0,"2":1,"3":1,"4":0,"5":0,"6":0,"7":0,"8":0,"9":0},"b":{"0":[0],"1":[0,0],"2":[0,0],"3":[0],"4":[0,0],"5":[0],"6":[0,0],"7":[0,0],"8":[0],"9":[0,0]}}
,"D:\\New folder\\DOWNLOADS\\sandbox\\src\\controllers\\userBook.ts": {"path":"D:\\New folder\\DOWNLOADS\\sandbox\\src\\controllers\\userBook.ts","statementMap":{"0":{"start":{"line":1,"column":0},"end":{"line":1,"column":25}},"1":{"start":{"line":4,"column":24},"end":{"line":4,"column":39}},"2":{"start":{"line":6,"column":34},"end":{"line":14,"column":2}},"3":{"start":{"line":6,"column":93},"end":{"line":14,"column":2}},"4":{"start":{"line":7,"column":17},"end":{"line":7,"column":30}},"5":{"start":{"line":8,"column":18},"end":{"line":11,"column":42}},"6":{"start":{"line":13,"column":2},"end":{"line":13,"column":43}},"7":{"start":{"line":6,"column":13},"end":{"line":6,"column":34}},"8":{"start":{"line":16,"column":34},"end":{"line":24,"column":2}},"9":{"start":{"line":16,"column":93},"end":{"line":24,"column":2}},"10":{"start":{"line":17,"column":17},"end":{"line":17,"column":30}},"11":{"start":{"line":18,"column":16},"end":{"line":21,"column":38}},"12":{"start":{"line":23,"column":2},"end":{"line":23,"column":41}},"13":{"start":{"line":16,"column":13},"end":{"line":16,"column":34}}},"fnMap":{"0":{"name":"(anonymous_8)","decl":{"start":{"line":6,"column":34},"end":{"line":6,"column":41}},"loc":{"start":{"line":6,"column":93},"end":{"line":14,"column":2}}},"1":{"name":"(anonymous_9)","decl":{"start":{"line":6,"column":93},"end":{"line":6,"column":null}},"loc":{"start":{"line":6,"column":93},"end":{"line":14,"column":1}}},"2":{"name":"(anonymous_10)","decl":{"start":{"line":16,"column":34},"end":{"line":16,"column":41}},"loc":{"start":{"line":16,"column":93},"end":{"line":24,"column":2}}},"3":{"name":"(anonymous_11)","decl":{"start":{"line":16,"column":93},"end":{"line":16,"column":null}},"loc":{"start":{"line":16,"column":93},"end":{"line":24,"column":1}}}},"branchMap":{},"s":{"0":1,"1":1,"2":1,"3":0,"4":0,"5":0,"6":0,"7":1,"8":1,"9":0,"10":0,"11":0,"12":0,"13":1},"f":{"0":0,"1":0,"2":0,"3":0},"b":{}}
,"D:\\New folder\\DOWNLOADS\\sandbox\\src\\middleware\\apiAuthMiddleware.ts": {"path":"D:\\New folder\\DOWNLOADS\\sandbox\\src\\middleware\\apiAuthMiddleware.ts","statementMap":{"0":{"start":{"line":2,"column":0},"end":{"line":2,"column":42}},"1":{"start":{"line":4,"column":31},"end":{"line":4,"column":57}},"2":{"start":{"line":6,"column":33},"end":{"line":15,"column":1}},"3":{"start":{"line":7,"column":19},"end":{"line":7,"column":41}},"4":{"start":{"line":9,"column":4},"end":{"line":12,"column":5}},"5":{"start":{"line":10,"column":8},"end":{"line":10,"column":51}},"6":{"start":{"line":11,"column":8},"end":{"line":11,"column":15}},"7":{"start":{"line":14,"column":4},"end":{"line":14,"column":11}},"8":{"start":{"line":6,"column":13},"end":{"line":6,"column":33}}},"fnMap":{"0":{"name":"(anonymous_1)","decl":{"start":{"line":6,"column":33},"end":{"line":6,"column":34}},"loc":{"start":{"line":6,"column":92},"end":{"line":15,"column":1}}}},"branchMap":{"0":{"loc":{"start":{"line":9,"column":4},"end":{"line":12,"column":5}},"type":"if","locations":[{"start":{"line":9,"column":4},"end":{"line":12,"column":5}}]},"1":{"loc":{"start":{"line":9,"column":8},"end":{"line":9,"column":59}},"type":"binary-expr","locations":[{"start":{"line":9,"column":8},"end":{"line":9,"column":15}},{"start":{"line":9,"column":19},"end":{"line":9,"column":59}}]}},"s":{"0":1,"1":1,"2":1,"3":1,"4":1,"5":0,"6":0,"7":1,"8":1},"f":{"0":1},"b":{"0":[0],"1":[1,1]}}
,"D:\\New folder\\DOWNLOADS\\sandbox\\src\\rest\\index.ts": {"path":"D:\\New folder\\DOWNLOADS\\sandbox\\src\\rest\\index.ts","statementMap":{"0":{"start":{"line":1,"column":0},"end":{"line":1,"column":30}},"1":{"start":{"line":2,"column":15},"end":{"line":2,"column":31}},"2":{"start":{"line":4,"column":0},"end":{"line":4,"column":null}},"3":{"start":{"line":12,"column":0},"end":{"line":12,"column":null}},"4":{"start":{"line":21,"column":0},"end":{"line":21,"column":null}},"5":{"start":{"line":37,"column":0},"end":{"line":37,"column":30}},"6":{"start":{"line":53,"column":0},"end":{"line":53,"column":37}},"7":{"start":{"line":69,"column":0},"end":{"line":69,"column":31}},"8":{"start":{"line":85,"column":0},"end":{"line":85,"column":37}},"9":{"start":{"line":102,"column":0},"end":{"line":102,"column":43}},"10":{"start":{"line":116,"column":0},"end":{"line":116,"column":30}},"11":{"start":{"line":132,"column":0},"end":{"line":132,"column":37}},"12":{"start":{"line":148,"column":0},"end":{"line":148,"column":31}},"13":{"start":{"line":164,"column":0},"end":{"line":164,"column":37}},"14":{"start":{"line":181,"column":0},"end":{"line":181,"column":43}},"15":{"start":{"line":200,"column":0},"end":{"line":200,"column":52}},"16":{"start":{"line":218,"column":0},"end":{"line":218,"column":50}},"17":{"start":{"line":220,"column":0},"end":{"line":222,"column":3}},"18":{"start":{"line":221,"column":2},"end":{"line":221,"column":46}},"19":{"start":{"line":224,"column":0},"end":{"line":224,"column":22}}},"fnMap":{"0":{"name":"(anonymous_1)","decl":{"start":{"line":220,"column":16},"end":{"line":220,"column":17}},"loc":{"start":{"line":220,"column":30},"end":{"line":222,"column":1}}}},"branchMap":{},"s":{"0":1,"1":1,"2":1,"3":1,"4":1,"5":1,"6":1,"7":1,"8":1,"9":1,"10":1,"11":1,"12":1,"13":1,"14":1,"15":1,"16":1,"17":1,"18":0,"19":1},"f":{"0":0},"b":{}}
}
