{"D:\\New folder\\DOWNLOADS\\sandbox-CIMET\\knexfile.ts": {"path":"D:\\New folder\\DOWNLOADS\\sandbox-CIMET\\knexfile.ts","statementMap":{"0":{"start":{"line":1,"column":0},"end":{"line":1,"column":24}},"1":{"start":{"line":3,"column":0},"end":{"line":12,"column":2}}},"fnMap":{},"branchMap":{},"s":{"0":1,"1":1},"f":{},"b":{}}
,"D:\\New folder\\DOWNLOADS\\sandbox-CIMET\\src\\db.ts": {"path":"D:\\New folder\\DOWNLOADS\\sandbox-CIMET\\src\\db.ts","statementMap":{"0":{"start":{"line":2,"column":0},"end":{"line":2,"column":24}},"1":{"start":{"line":5,"column":0},"end":{"line":5,"column":37}},"2":{"start":{"line":8,"column":11},"end":{"line":8,"column":27}},"3":{"start":{"line":10,"column":0},"end":{"line":10,"column":18}}},"fnMap":{},"branchMap":{},"s":{"0":1,"1":1,"2":1,"3":1},"f":{},"b":{}}
,"D:\\New folder\\DOWNLOADS\\sandbox-CIMET\\src\\index.ts": {"path":"D:\\New folder\\DOWNLOADS\\sandbox-CIMET\\src\\index.ts","statementMap":{"0":{"start":{"line":1,"column":0},"end":{"line":1,"column":30}},"1":{"start":{"line":2,"column":0},"end":{"line":2,"column":44}},"2":{"start":{"line":4,"column":0},"end":{"line":4,"column":26}},"3":{"start":{"line":6,"column":0},"end":{"line":6,"column":38}},"4":{"start":{"line":7,"column":0},"end":{"line":7,"column":44}},"5":{"start":{"line":8,"column":0},"end":{"line":8,"column":84}},"6":{"start":{"line":10,"column":33},"end":{"line":10,"column":42}},"7":{"start":{"line":12,"column":0},"end":{"line":12,"column":24}},"8":{"start":{"line":13,"column":0},"end":{"line":13,"column":49}},"9":{"start":{"line":19,"column":0},"end":{"line":19,"column":null}},"10":{"start":{"line":22,"column":0},"end":{"line":22,"column":23}},"11":{"start":{"line":25,"column":0},"end":{"line":28,"column":4}},"12":{"start":{"line":31,"column":0},"end":{"line":33,"column":3}},"13":{"start":{"line":32,"column":2},"end":{"line":32,"column":44}},"14":{"start":{"line":36,"column":0},"end":{"line":36,"column":28}},"15":{"start":{"line":39,"column":25},"end":{"line":44,"column":1}},"16":{"start":{"line":40,"column":2},"end":{"line":42,"column":5}},"17":{"start":{"line":41,"column":4},"end":{"line":41,"column":59}},"18":{"start":{"line":43,"column":2},"end":{"line":43,"column":13}},"19":{"start":{"line":39,"column":13},"end":{"line":39,"column":25}}},"fnMap":{"0":{"name":"(anonymous_1)","decl":{"start":{"line":31,"column":13},"end":{"line":31,"column":23}},"loc":{"start":{"line":31,"column":32},"end":{"line":33,"column":1}}},"1":{"name":"(anonymous_2)","decl":{"start":{"line":39,"column":25},"end":{"line":39,"column":26}},"loc":{"start":{"line":39,"column":41},"end":{"line":44,"column":1}}},"2":{"name":"(anonymous_3)","decl":{"start":{"line":40,"column":19},"end":{"line":40,"column":null}},"loc":{"start":{"line":40,"column":19},"end":{"line":42,"column":3}}}},"branchMap":{"0":{"loc":{"start":{"line":39,"column":26},"end":{"line":39,"column":37}},"type":"default-arg","locations":[{"start":{"line":39,"column":33},"end":{"line":39,"column":37}}]}},"s":{"0":1,"1":1,"2":1,"3":1,"4":1,"5":1,"6":1,"7":1,"8":1,"9":1,"10":1,"11":1,"12":1,"13":0,"14":1,"15":1,"16":1,"17":1,"18":1,"19":1},"f":{"0":0,"1":1,"2":1},"b":{"0":[0]}}
,"D:\\New folder\\DOWNLOADS\\sandbox-CIMET\\src\\controllers\\book.ts": {"path":"D:\\New folder\\DOWNLOADS\\sandbox-CIMET\\src\\controllers\\book.ts","statementMap":{"0":{"start":{"line":1,"column":0},"end":{"line":1,"column":25}},"1":{"start":{"line":3,"column":12},"end":{"line":3,"column":26}},"2":{"start":{"line":4,"column":18},"end":{"line":4,"column":25}},"3":{"start":{"line":5,"column":18},"end":{"line":5,"column":19}},"4":{"start":{"line":8,"column":15},"end":{"line":11,"column":2}},"5":{"start":{"line":13,"column":24},"end":{"line":19,"column":2}},"6":{"start":{"line":13,"column":83},"end":{"line":19,"column":2}},"7":{"start":{"line":14,"column":23},"end":{"line":14,"column":32}},"8":{"start":{"line":15,"column":17},"end":{"line":15,"column":60}},"9":{"start":{"line":17,"column":15},"end":{"line":17,"column":87}},"10":{"start":{"line":18,"column":2},"end":{"line":18,"column":40}},"11":{"start":{"line":13,"column":13},"end":{"line":13,"column":24}},"12":{"start":{"line":21,"column":27},"end":{"line":30,"column":2}},"13":{"start":{"line":21,"column":86},"end":{"line":30,"column":2}},"14":{"start":{"line":22,"column":17},"end":{"line":22,"column":27}},"15":{"start":{"line":24,"column":2},"end":{"line":29,"column":3}},"16":{"start":{"line":25,"column":17},"end":{"line":25,"column":61}},"17":{"start":{"line":26,"column":4},"end":{"line":26,"column":42}},"18":{"start":{"line":28,"column":4},"end":{"line":28,"column":56}},"19":{"start":{"line":21,"column":13},"end":{"line":21,"column":27}},"20":{"start":{"line":32,"column":24},"end":{"line":54,"column":2}},"21":{"start":{"line":32,"column":83},"end":{"line":54,"column":2}},"22":{"start":{"line":33,"column":20},"end":{"line":33,"column":45}},"23":{"start":{"line":35,"column":2},"end":{"line":37,"column":3}},"24":{"start":{"line":36,"column":4},"end":{"line":36,"column":69}},"25":{"start":{"line":39,"column":16},"end":{"line":39,"column":30}},"26":{"start":{"line":40,"column":18},"end":{"line":40,"column":34}},"27":{"start":{"line":42,"column":2},"end":{"line":53,"column":3}},"28":{"start":{"line":43,"column":23},"end":{"line":46,"column":6}},"29":{"start":{"line":48,"column":4},"end":{"line":48,"column":48}},"30":{"start":{"line":50,"column":4},"end":{"line":52,"column":69}},"31":{"start":{"line":32,"column":13},"end":{"line":32,"column":24}},"32":{"start":{"line":56,"column":27},"end":{"line":80,"column":2}},"33":{"start":{"line":56,"column":86},"end":{"line":80,"column":2}},"34":{"start":{"line":57,"column":20},"end":{"line":57,"column":45}},"35":{"start":{"line":59,"column":2},"end":{"line":61,"column":3}},"36":{"start":{"line":60,"column":4},"end":{"line":60,"column":69}},"37":{"start":{"line":63,"column":17},"end":{"line":63,"column":27}},"38":{"start":{"line":64,"column":16},"end":{"line":64,"column":30}},"39":{"start":{"line":65,"column":18},"end":{"line":65,"column":34}},"40":{"start":{"line":67,"column":2},"end":{"line":79,"column":3}},"41":{"start":{"line":68,"column":17},"end":{"line":73,"column":null}},"42":{"start":{"line":75,"column":4},"end":{"line":75,"column":22}},"43":{"start":{"line":76,"column":4},"end":{"line":76,"column":42}},"44":{"start":{"line":78,"column":4},"end":{"line":78,"column":56}},"45":{"start":{"line":56,"column":13},"end":{"line":56,"column":27}},"46":{"start":{"line":84,"column":30},"end":{"line":94,"column":2}},"47":{"start":{"line":84,"column":89},"end":{"line":94,"column":2}},"48":{"start":{"line":85,"column":17},"end":{"line":85,"column":27}},"49":{"start":{"line":87,"column":2},"end":{"line":93,"column":3}},"50":{"start":{"line":88,"column":17},"end":{"line":88,"column":67}},"51":{"start":{"line":89,"column":4},"end":{"line":89,"column":22}},"52":{"start":{"line":90,"column":4},"end":{"line":90,"column":42}},"53":{"start":{"line":92,"column":4},"end":{"line":92,"column":56}},"54":{"start":{"line":84,"column":13},"end":{"line":84,"column":30}}},"fnMap":{"0":{"name":"(anonymous_8)","decl":{"start":{"line":13,"column":24},"end":{"line":13,"column":31}},"loc":{"start":{"line":13,"column":83},"end":{"line":19,"column":2}}},"1":{"name":"(anonymous_9)","decl":{"start":{"line":13,"column":83},"end":{"line":13,"column":null}},"loc":{"start":{"line":13,"column":83},"end":{"line":19,"column":1}}},"2":{"name":"(anonymous_10)","decl":{"start":{"line":21,"column":27},"end":{"line":21,"column":34}},"loc":{"start":{"line":21,"column":86},"end":{"line":30,"column":2}}},"3":{"name":"(anonymous_11)","decl":{"start":{"line":21,"column":86},"end":{"line":21,"column":null}},"loc":{"start":{"line":21,"column":86},"end":{"line":30,"column":1}}},"4":{"name":"(anonymous_12)","decl":{"start":{"line":32,"column":24},"end":{"line":32,"column":31}},"loc":{"start":{"line":32,"column":83},"end":{"line":54,"column":2}}},"5":{"name":"(anonymous_13)","decl":{"start":{"line":32,"column":83},"end":{"line":32,"column":null}},"loc":{"start":{"line":32,"column":83},"end":{"line":54,"column":1}}},"6":{"name":"(anonymous_14)","decl":{"start":{"line":56,"column":27},"end":{"line":56,"column":34}},"loc":{"start":{"line":56,"column":86},"end":{"line":80,"column":2}}},"7":{"name":"(anonymous_15)","decl":{"start":{"line":56,"column":86},"end":{"line":56,"column":null}},"loc":{"start":{"line":56,"column":86},"end":{"line":80,"column":1}}},"8":{"name":"(anonymous_16)","decl":{"start":{"line":84,"column":30},"end":{"line":84,"column":37}},"loc":{"start":{"line":84,"column":89},"end":{"line":94,"column":2}}},"9":{"name":"(anonymous_17)","decl":{"start":{"line":84,"column":89},"end":{"line":84,"column":null}},"loc":{"start":{"line":84,"column":89},"end":{"line":94,"column":1}}}},"branchMap":{"0":{"loc":{"start":{"line":14,"column":10},"end":{"line":14,"column":18}},"type":"default-arg","locations":[{"start":{"line":14,"column":17},"end":{"line":14,"column":18}}]},"1":{"loc":{"start":{"line":35,"column":2},"end":{"line":37,"column":3}},"type":"if","locations":[{"start":{"line":35,"column":2},"end":{"line":37,"column":3}}]},"2":{"loc":{"start":{"line":59,"column":2},"end":{"line":61,"column":3}},"type":"if","locations":[{"start":{"line":59,"column":2},"end":{"line":61,"column":3}}]}},"s":{"0":1,"1":1,"2":1,"3":1,"4":1,"5":1,"6":0,"7":0,"8":0,"9":0,"10":0,"11":1,"12":1,"13":1,"14":1,"15":1,"16":1,"17":1,"18":0,"19":1,"20":1,"21":0,"22":0,"23":0,"24":0,"25":0,"26":0,"27":0,"28":0,"29":0,"30":0,"31":1,"32":1,"33":0,"34":0,"35":0,"36":0,"37":0,"38":0,"39":0,"40":0,"41":0,"42":0,"43":0,"44":0,"45":1,"46":1,"47":0,"48":0,"49":0,"50":0,"51":0,"52":0,"53":0,"54":1},"f":{"0":0,"1":0,"2":1,"3":1,"4":0,"5":0,"6":0,"7":0,"8":0,"9":0},"b":{"0":[0],"1":[0],"2":[0]}}
,"D:\\New folder\\DOWNLOADS\\sandbox-CIMET\\src\\controllers\\user.ts": {"path":"D:\\New folder\\DOWNLOADS\\sandbox-CIMET\\src\\controllers\\user.ts","statementMap":{"0":{"start":{"line":1,"column":0},"end":{"line":1,"column":25}},"1":{"start":{"line":4,"column":12},"end":{"line":4,"column":26}},"2":{"start":{"line":5,"column":18},"end":{"line":5,"column":25}},"3":{"start":{"line":6,"column":18},"end":{"line":6,"column":19}},"4":{"start":{"line":8,"column":15},"end":{"line":12,"column":2}},"5":{"start":{"line":14,"column":24},"end":{"line":20,"column":2}},"6":{"start":{"line":14,"column":83},"end":{"line":20,"column":2}},"7":{"start":{"line":15,"column":23},"end":{"line":15,"column":32}},"8":{"start":{"line":16,"column":17},"end":{"line":16,"column":60}},"9":{"start":{"line":18,"column":15},"end":{"line":18,"column":87}},"10":{"start":{"line":19,"column":2},"end":{"line":19,"column":40}},"11":{"start":{"line":14,"column":13},"end":{"line":14,"column":24}},"12":{"start":{"line":22,"column":27},"end":{"line":30,"column":2}},"13":{"start":{"line":22,"column":86},"end":{"line":30,"column":2}},"14":{"start":{"line":23,"column":17},"end":{"line":23,"column":27}},"15":{"start":{"line":24,"column":2},"end":{"line":29,"column":3}},"16":{"start":{"line":25,"column":17},"end":{"line":25,"column":61}},"17":{"start":{"line":26,"column":4},"end":{"line":26,"column":42}},"18":{"start":{"line":28,"column":4},"end":{"line":28,"column":56}},"19":{"start":{"line":22,"column":13},"end":{"line":22,"column":27}},"20":{"start":{"line":32,"column":24},"end":{"line":61,"column":2}},"21":{"start":{"line":32,"column":83},"end":{"line":61,"column":2}},"22":{"start":{"line":33,"column":20},"end":{"line":33,"column":45}},"23":{"start":{"line":35,"column":2},"end":{"line":37,"column":3}},"24":{"start":{"line":36,"column":4},"end":{"line":36,"column":69}},"25":{"start":{"line":40,"column":20},"end":{"line":40,"column":60}},"26":{"start":{"line":41,"column":21},"end":{"line":41,"column":61}},"27":{"start":{"line":42,"column":17},"end":{"line":42,"column":32}},"28":{"start":{"line":44,"column":2},"end":{"line":46,"column":3}},"29":{"start":{"line":45,"column":4},"end":{"line":45,"column":60}},"30":{"start":{"line":48,"column":2},"end":{"line":60,"column":3}},"31":{"start":{"line":49,"column":23},"end":{"line":53,"column":6}},"32":{"start":{"line":55,"column":4},"end":{"line":55,"column":48}},"33":{"start":{"line":57,"column":4},"end":{"line":59,"column":69}},"34":{"start":{"line":32,"column":13},"end":{"line":32,"column":24}},"35":{"start":{"line":63,"column":27},"end":{"line":94,"column":2}},"36":{"start":{"line":63,"column":86},"end":{"line":94,"column":2}},"37":{"start":{"line":64,"column":20},"end":{"line":64,"column":45}},"38":{"start":{"line":66,"column":2},"end":{"line":68,"column":3}},"39":{"start":{"line":67,"column":4},"end":{"line":67,"column":69}},"40":{"start":{"line":70,"column":17},"end":{"line":70,"column":27}},"41":{"start":{"line":71,"column":20},"end":{"line":71,"column":60}},"42":{"start":{"line":72,"column":21},"end":{"line":72,"column":61}},"43":{"start":{"line":73,"column":17},"end":{"line":73,"column":32}},"44":{"start":{"line":75,"column":2},"end":{"line":77,"column":3}},"45":{"start":{"line":76,"column":4},"end":{"line":76,"column":60}},"46":{"start":{"line":80,"column":2},"end":{"line":93,"column":3}},"47":{"start":{"line":81,"column":17},"end":{"line":87,"column":null}},"48":{"start":{"line":89,"column":4},"end":{"line":89,"column":22}},"49":{"start":{"line":90,"column":4},"end":{"line":90,"column":42}},"50":{"start":{"line":92,"column":4},"end":{"line":92,"column":56}},"51":{"start":{"line":63,"column":13},"end":{"line":63,"column":27}},"52":{"start":{"line":98,"column":30},"end":{"line":108,"column":2}},"53":{"start":{"line":98,"column":89},"end":{"line":108,"column":2}},"54":{"start":{"line":99,"column":17},"end":{"line":99,"column":27}},"55":{"start":{"line":101,"column":2},"end":{"line":107,"column":3}},"56":{"start":{"line":102,"column":17},"end":{"line":102,"column":67}},"57":{"start":{"line":103,"column":4},"end":{"line":103,"column":22}},"58":{"start":{"line":104,"column":4},"end":{"line":104,"column":42}},"59":{"start":{"line":106,"column":4},"end":{"line":106,"column":56}},"60":{"start":{"line":98,"column":13},"end":{"line":98,"column":30}}},"fnMap":{"0":{"name":"(anonymous_8)","decl":{"start":{"line":14,"column":24},"end":{"line":14,"column":31}},"loc":{"start":{"line":14,"column":83},"end":{"line":20,"column":2}}},"1":{"name":"(anonymous_9)","decl":{"start":{"line":14,"column":83},"end":{"line":14,"column":null}},"loc":{"start":{"line":14,"column":83},"end":{"line":20,"column":1}}},"2":{"name":"(anonymous_10)","decl":{"start":{"line":22,"column":27},"end":{"line":22,"column":34}},"loc":{"start":{"line":22,"column":86},"end":{"line":30,"column":2}}},"3":{"name":"(anonymous_11)","decl":{"start":{"line":22,"column":86},"end":{"line":22,"column":null}},"loc":{"start":{"line":22,"column":86},"end":{"line":30,"column":1}}},"4":{"name":"(anonymous_12)","decl":{"start":{"line":32,"column":24},"end":{"line":32,"column":31}},"loc":{"start":{"line":32,"column":83},"end":{"line":61,"column":2}}},"5":{"name":"(anonymous_13)","decl":{"start":{"line":32,"column":83},"end":{"line":32,"column":null}},"loc":{"start":{"line":32,"column":83},"end":{"line":61,"column":1}}},"6":{"name":"(anonymous_14)","decl":{"start":{"line":63,"column":27},"end":{"line":63,"column":34}},"loc":{"start":{"line":63,"column":86},"end":{"line":94,"column":2}}},"7":{"name":"(anonymous_15)","decl":{"start":{"line":63,"column":86},"end":{"line":63,"column":null}},"loc":{"start":{"line":63,"column":86},"end":{"line":94,"column":1}}},"8":{"name":"(anonymous_16)","decl":{"start":{"line":98,"column":30},"end":{"line":98,"column":37}},"loc":{"start":{"line":98,"column":89},"end":{"line":108,"column":2}}},"9":{"name":"(anonymous_17)","decl":{"start":{"line":98,"column":89},"end":{"line":98,"column":null}},"loc":{"start":{"line":98,"column":89},"end":{"line":108,"column":1}}}},"branchMap":{"0":{"loc":{"start":{"line":15,"column":10},"end":{"line":15,"column":18}},"type":"default-arg","locations":[{"start":{"line":15,"column":17},"end":{"line":15,"column":18}}]},"1":{"loc":{"start":{"line":35,"column":2},"end":{"line":37,"column":3}},"type":"if","locations":[{"start":{"line":35,"column":2},"end":{"line":37,"column":3}}]},"2":{"loc":{"start":{"line":40,"column":20},"end":{"line":40,"column":60}},"type":"binary-expr","locations":[{"start":{"line":40,"column":20},"end":{"line":40,"column":38}},{"start":{"line":40,"column":42},"end":{"line":40,"column":60}}]},"3":{"loc":{"start":{"line":41,"column":21},"end":{"line":41,"column":61}},"type":"binary-expr","locations":[{"start":{"line":41,"column":21},"end":{"line":41,"column":40}},{"start":{"line":41,"column":44},"end":{"line":41,"column":61}}]},"4":{"loc":{"start":{"line":44,"column":2},"end":{"line":46,"column":3}},"type":"if","locations":[{"start":{"line":44,"column":2},"end":{"line":46,"column":3}}]},"5":{"loc":{"start":{"line":44,"column":6},"end":{"line":44,"column":31}},"type":"binary-expr","locations":[{"start":{"line":44,"column":6},"end":{"line":44,"column":16}},{"start":{"line":44,"column":20},"end":{"line":44,"column":31}}]},"6":{"loc":{"start":{"line":66,"column":2},"end":{"line":68,"column":3}},"type":"if","locations":[{"start":{"line":66,"column":2},"end":{"line":68,"column":3}}]},"7":{"loc":{"start":{"line":71,"column":20},"end":{"line":71,"column":60}},"type":"binary-expr","locations":[{"start":{"line":71,"column":20},"end":{"line":71,"column":38}},{"start":{"line":71,"column":42},"end":{"line":71,"column":60}}]},"8":{"loc":{"start":{"line":72,"column":21},"end":{"line":72,"column":61}},"type":"binary-expr","locations":[{"start":{"line":72,"column":21},"end":{"line":72,"column":40}},{"start":{"line":72,"column":44},"end":{"line":72,"column":61}}]},"9":{"loc":{"start":{"line":75,"column":2},"end":{"line":77,"column":3}},"type":"if","locations":[{"start":{"line":75,"column":2},"end":{"line":77,"column":3}}]},"10":{"loc":{"start":{"line":75,"column":6},"end":{"line":75,"column":31}},"type":"binary-expr","locations":[{"start":{"line":75,"column":6},"end":{"line":75,"column":16}},{"start":{"line":75,"column":20},"end":{"line":75,"column":31}}]}},"s":{"0":1,"1":1,"2":1,"3":1,"4":1,"5":1,"6":0,"7":0,"8":0,"9":0,"10":0,"11":1,"12":1,"13":1,"14":1,"15":1,"16":1,"17":1,"18":0,"19":1,"20":1,"21":0,"22":0,"23":0,"24":0,"25":0,"26":0,"27":0,"28":0,"29":0,"30":0,"31":0,"32":0,"33":0,"34":1,"35":1,"36":0,"37":0,"38":0,"39":0,"40":0,"41":0,"42":0,"43":0,"44":0,"45":0,"46":0,"47":0,"48":0,"49":0,"50":0,"51":1,"52":1,"53":0,"54":0,"55":0,"56":0,"57":0,"58":0,"59":0,"60":1},"f":{"0":0,"1":0,"2":1,"3":1,"4":0,"5":0,"6":0,"7":0,"8":0,"9":0},"b":{"0":[0],"1":[0],"2":[0,0],"3":[0,0],"4":[0],"5":[0,0],"6":[0],"7":[0,0],"8":[0,0],"9":[0],"10":[0,0]}}
,"D:\\New folder\\DOWNLOADS\\sandbox-CIMET\\src\\controllers\\userBook.ts": {"path":"D:\\New folder\\DOWNLOADS\\sandbox-CIMET\\src\\controllers\\userBook.ts","statementMap":{"0":{"start":{"line":1,"column":0},"end":{"line":1,"column":25}},"1":{"start":{"line":4,"column":18},"end":{"line":4,"column":25}},"2":{"start":{"line":5,"column":18},"end":{"line":5,"column":25}},"3":{"start":{"line":6,"column":24},"end":{"line":6,"column":39}},"4":{"start":{"line":8,"column":34},"end":{"line":16,"column":2}},"5":{"start":{"line":8,"column":93},"end":{"line":16,"column":2}},"6":{"start":{"line":9,"column":17},"end":{"line":9,"column":30}},"7":{"start":{"line":10,"column":18},"end":{"line":13,"column":56}},"8":{"start":{"line":15,"column":2},"end":{"line":15,"column":43}},"9":{"start":{"line":8,"column":13},"end":{"line":8,"column":34}},"10":{"start":{"line":18,"column":34},"end":{"line":26,"column":2}},"11":{"start":{"line":18,"column":93},"end":{"line":26,"column":2}},"12":{"start":{"line":19,"column":17},"end":{"line":19,"column":30}},"13":{"start":{"line":20,"column":16},"end":{"line":23,"column":52}},"14":{"start":{"line":25,"column":2},"end":{"line":25,"column":41}},"15":{"start":{"line":18,"column":13},"end":{"line":18,"column":34}}},"fnMap":{"0":{"name":"(anonymous_8)","decl":{"start":{"line":8,"column":34},"end":{"line":8,"column":41}},"loc":{"start":{"line":8,"column":93},"end":{"line":16,"column":2}}},"1":{"name":"(anonymous_9)","decl":{"start":{"line":8,"column":93},"end":{"line":8,"column":null}},"loc":{"start":{"line":8,"column":93},"end":{"line":16,"column":1}}},"2":{"name":"(anonymous_10)","decl":{"start":{"line":18,"column":34},"end":{"line":18,"column":41}},"loc":{"start":{"line":18,"column":93},"end":{"line":26,"column":2}}},"3":{"name":"(anonymous_11)","decl":{"start":{"line":18,"column":93},"end":{"line":18,"column":null}},"loc":{"start":{"line":18,"column":93},"end":{"line":26,"column":1}}}},"branchMap":{},"s":{"0":1,"1":1,"2":1,"3":1,"4":1,"5":0,"6":0,"7":0,"8":0,"9":1,"10":1,"11":0,"12":0,"13":0,"14":0,"15":1},"f":{"0":0,"1":0,"2":0,"3":0},"b":{}}
,"D:\\New folder\\DOWNLOADS\\sandbox-CIMET\\src\\graphql\\resolvers.ts": {"path":"D:\\New folder\\DOWNLOADS\\sandbox-CIMET\\src\\graphql\\resolvers.ts","statementMap":{"0":{"start":{"line":1,"column":0},"end":{"line":1,"column":25}},"1":{"start":{"line":2,"column":18},"end":{"line":2,"column":25}},"2":{"start":{"line":4,"column":18},"end":{"line":23,"column":null}},"3":{"start":{"line":5,"column":46},"end":{"line":8,"column":null}},"4":{"start":{"line":6,"column":21},"end":{"line":6,"column":66}},"5":{"start":{"line":7,"column":8},"end":{"line":7,"column":20}},"6":{"start":{"line":9,"column":77},"end":{"line":12,"column":null}},"7":{"start":{"line":10,"column":22},"end":{"line":10,"column":80}},"8":{"start":{"line":11,"column":8},"end":{"line":11,"column":21}},"9":{"start":{"line":13,"column":104},"end":{"line":17,"column":null}},"10":{"start":{"line":14,"column":25},"end":{"line":14,"column":60}},"11":{"start":{"line":15,"column":21},"end":{"line":15,"column":70}},"12":{"start":{"line":16,"column":8},"end":{"line":16,"column":20}},"13":{"start":{"line":18,"column":120},"end":{"line":22,"column":null}},"14":{"start":{"line":19,"column":8},"end":{"line":19,"column":60}},"15":{"start":{"line":20,"column":21},"end":{"line":20,"column":66}},"16":{"start":{"line":21,"column":8},"end":{"line":21,"column":20}},"17":{"start":{"line":25,"column":0},"end":{"line":25,"column":25}}},"fnMap":{"0":{"name":"(anonymous_8)","decl":{"start":{"line":5,"column":13},"end":{"line":5,"column":20}},"loc":{"start":{"line":5,"column":46},"end":{"line":8,"column":null}}},"1":{"name":"(anonymous_9)","decl":{"start":{"line":5,"column":46},"end":{"line":5,"column":null}},"loc":{"start":{"line":5,"column":42},"end":{"line":8,"column":5}}},"2":{"name":"(anonymous_10)","decl":{"start":{"line":9,"column":14},"end":{"line":9,"column":21}},"loc":{"start":{"line":9,"column":77},"end":{"line":12,"column":null}}},"3":{"name":"(anonymous_11)","decl":{"start":{"line":9,"column":77},"end":{"line":9,"column":null}},"loc":{"start":{"line":9,"column":73},"end":{"line":12,"column":5}}},"4":{"name":"(anonymous_12)","decl":{"start":{"line":13,"column":16},"end":{"line":13,"column":23}},"loc":{"start":{"line":13,"column":104},"end":{"line":17,"column":null}}},"5":{"name":"(anonymous_13)","decl":{"start":{"line":13,"column":104},"end":{"line":13,"column":null}},"loc":{"start":{"line":13,"column":100},"end":{"line":17,"column":5}}},"6":{"name":"(anonymous_14)","decl":{"start":{"line":18,"column":16},"end":{"line":18,"column":23}},"loc":{"start":{"line":18,"column":120},"end":{"line":22,"column":null}}},"7":{"name":"(anonymous_15)","decl":{"start":{"line":18,"column":120},"end":{"line":18,"column":null}},"loc":{"start":{"line":18,"column":116},"end":{"line":22,"column":5}}}},"branchMap":{},"s":{"0":1,"1":1,"2":1,"3":0,"4":0,"5":0,"6":0,"7":0,"8":0,"9":0,"10":0,"11":0,"12":0,"13":0,"14":0,"15":0,"16":0,"17":1},"f":{"0":0,"1":0,"2":0,"3":0,"4":0,"5":0,"6":0,"7":0},"b":{}}
,"D:\\New folder\\DOWNLOADS\\sandbox-CIMET\\src\\graphql\\schema.ts": {"path":"D:\\New folder\\DOWNLOADS\\sandbox-CIMET\\src\\graphql\\schema.ts","statementMap":{"0":{"start":{"line":1,"column":0},"end":{"line":1,"column":38}},"1":{"start":{"line":4,"column":15},"end":{"line":27,"column":2}},"2":{"start":{"line":29,"column":0},"end":{"line":29,"column":22}}},"fnMap":{},"branchMap":{},"s":{"0":1,"1":1,"2":1},"f":{},"b":{}}
,"D:\\New folder\\DOWNLOADS\\sandbox-CIMET\\src\\middleware\\Logging\\requestLogger.ts": {"path":"D:\\New folder\\DOWNLOADS\\sandbox-CIMET\\src\\middleware\\Logging\\requestLogger.ts","statementMap":{"0":{"start":{"line":3,"column":29},"end":{"line":10,"column":1}},"1":{"start":{"line":4,"column":16},"end":{"line":4,"column":36}},"2":{"start":{"line":5,"column":2},"end":{"line":8,"column":5}},"3":{"start":{"line":6,"column":21},"end":{"line":6,"column":49}},"4":{"start":{"line":7,"column":4},"end":{"line":7,"column":95}},"5":{"start":{"line":9,"column":2},"end":{"line":9,"column":9}},"6":{"start":{"line":3,"column":13},"end":{"line":3,"column":29}},"7":{"start":{"line":12,"column":34},"end":{"line":18,"column":1}},"8":{"start":{"line":13,"column":2},"end":{"line":13,"column":27}},"9":{"start":{"line":14,"column":17},"end":{"line":14,"column":62}},"10":{"start":{"line":15,"column":18},"end":{"line":15,"column":56}},"11":{"start":{"line":16,"column":2},"end":{"line":16,"column":119}},"12":{"start":{"line":17,"column":2},"end":{"line":17,"column":42}},"13":{"start":{"line":12,"column":13},"end":{"line":12,"column":34}}},"fnMap":{"0":{"name":"(anonymous_0)","decl":{"start":{"line":3,"column":29},"end":{"line":3,"column":30}},"loc":{"start":{"line":3,"column":87},"end":{"line":10,"column":1}}},"1":{"name":"(anonymous_1)","decl":{"start":{"line":5,"column":19},"end":{"line":5,"column":22}},"loc":{"start":{"line":5,"column":24},"end":{"line":8,"column":3}}},"2":{"name":"(anonymous_2)","decl":{"start":{"line":12,"column":34},"end":{"line":12,"column":35}},"loc":{"start":{"line":12,"column":78},"end":{"line":18,"column":1}}}},"branchMap":{"0":{"loc":{"start":{"line":14,"column":17},"end":{"line":14,"column":62}},"type":"cond-expr","locations":[{"start":{"line":14,"column":42},"end":{"line":14,"column":56}},{"start":{"line":14,"column":59},"end":{"line":14,"column":62}}]},"1":{"loc":{"start":{"line":15,"column":18},"end":{"line":15,"column":56}},"type":"binary-expr","locations":[{"start":{"line":15,"column":18},"end":{"line":15,"column":29}},{"start":{"line":15,"column":33},"end":{"line":15,"column":56}}]}},"s":{"0":1,"1":2,"2":2,"3":2,"4":2,"5":2,"6":1,"7":1,"8":0,"9":0,"10":0,"11":0,"12":0,"13":1},"f":{"0":2,"1":2,"2":0},"b":{"0":[0,0],"1":[0,0]}}
,"D:\\New folder\\DOWNLOADS\\sandbox-CIMET\\src\\rest\\index.ts": {"path":"D:\\New folder\\DOWNLOADS\\sandbox-CIMET\\src\\rest\\index.ts","statementMap":{"0":{"start":{"line":1,"column":0},"end":{"line":1,"column":30}},"1":{"start":{"line":2,"column":15},"end":{"line":2,"column":31}},"2":{"start":{"line":4,"column":0},"end":{"line":4,"column":98}},"3":{"start":{"line":6,"column":0},"end":{"line":6,"column":98}},"4":{"start":{"line":8,"column":0},"end":{"line":8,"column":81}},"5":{"start":{"line":22,"column":0},"end":{"line":22,"column":30}},"6":{"start":{"line":38,"column":0},"end":{"line":38,"column":37}},"7":{"start":{"line":54,"column":0},"end":{"line":54,"column":31}},"8":{"start":{"line":70,"column":0},"end":{"line":70,"column":37}},"9":{"start":{"line":87,"column":0},"end":{"line":87,"column":43}},"10":{"start":{"line":101,"column":0},"end":{"line":101,"column":30}},"11":{"start":{"line":117,"column":0},"end":{"line":117,"column":37}},"12":{"start":{"line":133,"column":0},"end":{"line":133,"column":31}},"13":{"start":{"line":149,"column":0},"end":{"line":149,"column":37}},"14":{"start":{"line":166,"column":0},"end":{"line":166,"column":43}},"15":{"start":{"line":185,"column":0},"end":{"line":185,"column":52}},"16":{"start":{"line":203,"column":0},"end":{"line":203,"column":50}},"17":{"start":{"line":206,"column":0},"end":{"line":208,"column":3}},"18":{"start":{"line":207,"column":2},"end":{"line":207,"column":46}},"19":{"start":{"line":210,"column":0},"end":{"line":210,"column":22}}},"fnMap":{"0":{"name":"(anonymous_1)","decl":{"start":{"line":206,"column":16},"end":{"line":206,"column":17}},"loc":{"start":{"line":206,"column":30},"end":{"line":208,"column":1}}}},"branchMap":{},"s":{"0":1,"1":1,"2":1,"3":1,"4":1,"5":1,"6":1,"7":1,"8":1,"9":1,"10":1,"11":1,"12":1,"13":1,"14":1,"15":1,"16":1,"17":1,"18":0,"19":1},"f":{"0":0},"b":{}}
}
